0 info it worked if it ends with ok
1 verbose cli [ '/Users/nandanrao/.nvm/versions/node/v4.2.1/bin/node',
1 verbose cli   '/Users/nandanrao/.nvm/versions/node/v4.2.1/bin/npm',
1 verbose cli   'install',
1 verbose cli   '--save',
1 verbose cli   '@relinklabs/copper' ]
2 info using npm@2.14.7
3 info using node@v4.2.1
4 verbose install initial load of /Users/nandanrao/Documents/Relink/rc-p90/package.json
5 verbose installManyTop reading scoped package data from /Users/nandanrao/Documents/Relink/rc-p90/node_modules/bluebird/package.json
6 verbose installManyTop reading scoped package data from /Users/nandanrao/Documents/Relink/rc-p90/node_modules/chai/package.json
7 verbose installManyTop reading scoped package data from /Users/nandanrao/Documents/Relink/rc-p90/node_modules/lodash/package.json
8 verbose installManyTop reading scoped package data from /Users/nandanrao/Documents/Relink/rc-p90/node_modules/mocha/package.json
9 verbose installManyTop reading scoped package data from /Users/nandanrao/Documents/Relink/rc-p90/node_modules/nock/package.json
10 verbose installManyTop reading scoped package data from /Users/nandanrao/Documents/Relink/rc-p90/node_modules/proxyquire/package.json
11 verbose installManyTop reading scoped package data from /Users/nandanrao/Documents/Relink/rc-p90/node_modules/request/package.json
12 verbose installManyTop reading scoped package data from /Users/nandanrao/Documents/Relink/rc-p90/node_modules/request-promise/package.json
13 verbose installManyTop reading scoped package data from /Users/nandanrao/Documents/Relink/rc-p90/node_modules/sinon/package.json
14 verbose installManyTop reading scoped package data from /Users/nandanrao/Documents/Relink/rc-p90/node_modules/sinon-chai/package.json
15 verbose installManyTop reading scoped package data from /Users/nandanrao/Documents/Relink/rc-p90/node_modules/through2/package.json
16 verbose readDependencies loading dependencies from /Users/nandanrao/Documents/Relink/rc-p90/package.json
17 silly cache add args [ '@relinklabs/copper', null ]
18 verbose cache add spec @relinklabs/copper
19 silly cache add parsed spec Result {
19 silly cache add   raw: '@relinklabs/copper',
19 silly cache add   scope: '@relinklabs',
19 silly cache add   name: '@relinklabs/copper',
19 silly cache add   rawSpec: '',
19 silly cache add   spec: '*',
19 silly cache add   type: 'range' }
20 silly addNamed @relinklabs/copper@*
21 verbose addNamed "*" is a valid semver range for @relinklabs/copper
22 silly addNameRange { name: '@relinklabs/copper', range: '*', hasData: false }
23 silly mapToRegistry name @relinklabs/copper
24 silly mapToRegistry scope (from package name) @relinklabs
25 verbose mapToRegistry no registry URL found in name for scope @relinklabs
26 silly mapToRegistry using default registry
27 silly mapToRegistry registry https://registry.npmjs.org/
28 silly mapToRegistry uri https://registry.npmjs.org/@relinklabs%2fcopper
29 verbose addNameRange registry:https://registry.npmjs.org/@relinklabs%2fcopper not in flight; fetching
30 verbose request uri https://registry.npmjs.org/@relinklabs%2fcopper
31 verbose request no auth needed
32 info attempt registry request try #1 at 12:02:08 PM
33 verbose request using bearer token for auth
34 verbose request id c091f23421ec3d51
35 http request GET https://registry.npmjs.org/@relinklabs%2fcopper
36 http 404 https://registry.npmjs.org/@relinklabs%2fcopper
37 verbose headers { 'content-type': 'application/json',
37 verbose headers   'cache-control': 'max-age=0',
37 verbose headers   'content-length': '21',
37 verbose headers   'accept-ranges': 'bytes',
37 verbose headers   date: 'Thu, 03 Mar 2016 11:02:09 GMT',
37 verbose headers   via: '1.1 varnish',
37 verbose headers   connection: 'keep-alive',
37 verbose headers   'x-served-by': 'cache-fra1227-FRA',
37 verbose headers   'x-cache': 'MISS',
37 verbose headers   'x-cache-hits': '0',
37 verbose headers   'x-timer': 'S1457002928.999524,VS0,VE209' }
38 silly get cb [ 404,
38 silly get   { 'content-type': 'application/json',
38 silly get     'cache-control': 'max-age=0',
38 silly get     'content-length': '21',
38 silly get     'accept-ranges': 'bytes',
38 silly get     date: 'Thu, 03 Mar 2016 11:02:09 GMT',
38 silly get     via: '1.1 varnish',
38 silly get     connection: 'keep-alive',
38 silly get     'x-served-by': 'cache-fra1227-FRA',
38 silly get     'x-cache': 'MISS',
38 silly get     'x-cache-hits': '0',
38 silly get     'x-timer': 'S1457002928.999524,VS0,VE209' } ]
39 verbose stack Error: Not found : @relinklabs/copper
39 verbose stack     at makeError (/Users/nandanrao/.nvm/versions/node/v4.2.1/lib/node_modules/npm/node_modules/npm-registry-client/lib/request.js:264:12)
39 verbose stack     at CachingRegistryClient.<anonymous> (/Users/nandanrao/.nvm/versions/node/v4.2.1/lib/node_modules/npm/node_modules/npm-registry-client/lib/request.js:252:14)
39 verbose stack     at Request._callback (/Users/nandanrao/.nvm/versions/node/v4.2.1/lib/node_modules/npm/node_modules/npm-registry-client/lib/request.js:172:14)
39 verbose stack     at Request.self.callback (/Users/nandanrao/.nvm/versions/node/v4.2.1/lib/node_modules/npm/node_modules/request/request.js:198:22)
39 verbose stack     at emitTwo (events.js:87:13)
39 verbose stack     at Request.emit (events.js:172:7)
39 verbose stack     at Request.<anonymous> (/Users/nandanrao/.nvm/versions/node/v4.2.1/lib/node_modules/npm/node_modules/request/request.js:1063:14)
39 verbose stack     at emitOne (events.js:82:20)
39 verbose stack     at Request.emit (events.js:169:7)
39 verbose stack     at IncomingMessage.<anonymous> (/Users/nandanrao/.nvm/versions/node/v4.2.1/lib/node_modules/npm/node_modules/request/request.js:1009:12)
40 verbose statusCode 404
41 verbose pkgid @relinklabs/copper
42 verbose cwd /Users/nandanrao/Documents/Relink/rc-p90
43 error Darwin 15.0.0
44 error argv "/Users/nandanrao/.nvm/versions/node/v4.2.1/bin/node" "/Users/nandanrao/.nvm/versions/node/v4.2.1/bin/npm" "install" "--save" "@relinklabs/copper"
45 error node v4.2.1
46 error npm  v2.14.7
47 error code E404
48 error 404 Not found : @relinklabs/copper
48 error 404
48 error 404 '@relinklabs/copper' is not in the npm registry.
48 error 404 You should bug the author to publish it (or use the name yourself!)
48 error 404 It was specified as a dependency of '@relinklabs/proxy'
48 error 404
48 error 404 Note that you can also install from a
48 error 404 tarball, folder, http url, or git url.
49 verbose exit [ 1, true ]
